{"C:\\Users\\adlen\\Desktop\\hello-prisma\\frontend\\src\\App.tsx": {"path":"C:\\Users\\adlen\\Desktop\\hello-prisma\\frontend\\src\\App.tsx","statementMap":{"0":{"start":{"line":8,"column":29},"end":{"line":8,"column":null}},"1":{"start":{"line":9,"column":22},"end":{"line":9,"column":null}},"2":{"start":{"line":11,"column":2},"end":{"line":13,"column":null}},"3":{"start":{"line":12,"column":4},"end":{"line":12,"column":null}},"4":{"start":{"line":12,"column":36},"end":{"line":12,"column":56}},"5":{"start":{"line":15,"column":2},"end":{"line":43,"column":null}},"6":{"start":{"line":19,"column":25},"end":{"line":19,"column":null}},"7":{"start":{"line":25,"column":25},"end":{"line":25,"column":null}},"8":{"start":{"line":31,"column":25},"end":{"line":31,"column":null}}},"fnMap":{"0":{"name":"App","decl":{"start":{"line":7,"column":24},"end":{"line":7,"column":30}},"loc":{"start":{"line":7,"column":30},"end":{"line":45,"column":null}},"line":7},"1":{"name":"(anonymous_1)","decl":{"start":{"line":12,"column":27},"end":{"line":12,"column":28}},"loc":{"start":{"line":12,"column":36},"end":{"line":12,"column":56}},"line":12},"2":{"name":"(anonymous_2)","decl":{"start":{"line":19,"column":19},"end":{"line":19,"column":25}},"loc":{"start":{"line":19,"column":25},"end":{"line":19,"column":null}},"line":19},"3":{"name":"(anonymous_3)","decl":{"start":{"line":25,"column":19},"end":{"line":25,"column":25}},"loc":{"start":{"line":25,"column":25},"end":{"line":25,"column":null}},"line":25},"4":{"name":"(anonymous_4)","decl":{"start":{"line":31,"column":19},"end":{"line":31,"column":25}},"loc":{"start":{"line":31,"column":25},"end":{"line":31,"column":null}},"line":31}},"branchMap":{"0":{"loc":{"start":{"line":11,"column":2},"end":{"line":13,"column":null}},"type":"if","locations":[{"start":{"line":11,"column":2},"end":{"line":13,"column":null}},{"start":{},"end":{}}],"line":11},"1":{"loc":{"start":{"line":20,"column":42},"end":{"line":20,"column":101}},"type":"cond-expr","locations":[{"start":{"line":20,"column":61},"end":{"line":20,"column":88}},{"start":{"line":20,"column":88},"end":{"line":20,"column":101}}],"line":20},"2":{"loc":{"start":{"line":26,"column":42},"end":{"line":26,"column":103}},"type":"cond-expr","locations":[{"start":{"line":26,"column":63},"end":{"line":26,"column":90}},{"start":{"line":26,"column":90},"end":{"line":26,"column":103}}],"line":26},"3":{"loc":{"start":{"line":32,"column":42},"end":{"line":32,"column":106}},"type":"cond-expr","locations":[{"start":{"line":32,"column":66},"end":{"line":32,"column":93}},{"start":{"line":32,"column":93},"end":{"line":32,"column":106}}],"line":32},"4":{"loc":{"start":{"line":39,"column":9},"end":{"line":39,"column":null}},"type":"binary-expr","locations":[{"start":{"line":39,"column":9},"end":{"line":39,"column":29}},{"start":{"line":39,"column":29},"end":{"line":39,"column":null}}],"line":39},"5":{"loc":{"start":{"line":40,"column":9},"end":{"line":40,"column":null}},"type":"binary-expr","locations":[{"start":{"line":40,"column":9},"end":{"line":40,"column":31}},{"start":{"line":40,"column":31},"end":{"line":40,"column":null}}],"line":40},"6":{"loc":{"start":{"line":41,"column":9},"end":{"line":41,"column":null}},"type":"binary-expr","locations":[{"start":{"line":41,"column":9},"end":{"line":41,"column":34}},{"start":{"line":41,"column":34},"end":{"line":41,"column":null}}],"line":41}},"s":{"0":1,"1":1,"2":1,"3":1,"4":0,"5":0,"6":0,"7":0,"8":0},"f":{"0":1,"1":0,"2":0,"3":0,"4":0},"b":{"0":[1,0],"1":[0,0],"2":[0,0],"3":[0,0],"4":[1,0],"5":[1,0],"6":[1,0]},"meta":{"lastBranch":7,"lastFunction":5,"lastStatement":9,"seen":{"f:7:24:7:30":0,"s:8:29:8:Infinity":0,"s:9:22:9:Infinity":1,"b:11:2:13:Infinity:undefined:undefined:undefined:undefined":0,"s:11:2:13:Infinity":2,"s:12:4:12:Infinity":3,"f:12:27:12:28":1,"s:12:36:12:56":4,"s:15:2:43:Infinity":5,"f:19:19:19:25":2,"s:19:25:19:Infinity":6,"b:20:61:20:88:20:88:20:101":1,"f:25:19:25:25":3,"s:25:25:25:Infinity":7,"b:26:63:26:90:26:90:26:103":2,"f:31:19:31:25":4,"s:31:25:31:Infinity":8,"b:32:66:32:93:32:93:32:106":3,"b:39:9:39:29:39:29:39:Infinity":4,"b:40:9:40:31:40:31:40:Infinity":5,"b:41:9:41:34:41:34:41:Infinity":6}}}
,"C:\\Users\\adlen\\Desktop\\hello-prisma\\frontend\\src\\api\\api.ts": {"path":"C:\\Users\\adlen\\Desktop\\hello-prisma\\frontend\\src\\api\\api.ts","statementMap":{"0":{"start":{"line":3,"column":16},"end":{"line":3,"column":null}},"1":{"start":{"line":6,"column":27},"end":{"line":6,"column":null}},"2":{"start":{"line":8,"column":24},"end":{"line":10,"column":null}},"3":{"start":{"line":9,"column":2},"end":{"line":9,"column":null}},"4":{"start":{"line":14,"column":20},"end":{"line":16,"column":null}},"5":{"start":{"line":15,"column":2},"end":{"line":15,"column":null}},"6":{"start":{"line":19,"column":19},"end":{"line":152,"column":null}},"7":{"start":{"line":22,"column":16},"end":{"line":26,"column":null}},"8":{"start":{"line":28,"column":4},"end":{"line":28,"column":null}},"9":{"start":{"line":28,"column":17},"end":{"line":28,"column":null}},"10":{"start":{"line":30,"column":4},"end":{"line":30,"column":null}},"11":{"start":{"line":35,"column":16},"end":{"line":37,"column":null}},"12":{"start":{"line":38,"column":4},"end":{"line":38,"column":null}},"13":{"start":{"line":42,"column":16},"end":{"line":49,"column":null}},"14":{"start":{"line":51,"column":4},"end":{"line":51,"column":null}},"15":{"start":{"line":51,"column":17},"end":{"line":51,"column":null}},"16":{"start":{"line":53,"column":4},"end":{"line":53,"column":null}},"17":{"start":{"line":57,"column":16},"end":{"line":64,"column":null}},"18":{"start":{"line":65,"column":4},"end":{"line":65,"column":null}},"19":{"start":{"line":69,"column":4},"end":{"line":72,"column":null}},"20":{"start":{"line":77,"column":16},"end":{"line":79,"column":null}},"21":{"start":{"line":80,"column":4},"end":{"line":80,"column":null}},"22":{"start":{"line":84,"column":16},"end":{"line":91,"column":null}},"23":{"start":{"line":92,"column":4},"end":{"line":92,"column":null}},"24":{"start":{"line":96,"column":16},"end":{"line":103,"column":null}},"25":{"start":{"line":104,"column":4},"end":{"line":104,"column":null}},"26":{"start":{"line":108,"column":4},"end":{"line":111,"column":null}},"27":{"start":{"line":116,"column":16},"end":{"line":118,"column":null}},"28":{"start":{"line":119,"column":4},"end":{"line":119,"column":null}},"29":{"start":{"line":123,"column":16},"end":{"line":130,"column":null}},"30":{"start":{"line":131,"column":4},"end":{"line":131,"column":null}},"31":{"start":{"line":135,"column":16},"end":{"line":142,"column":null}},"32":{"start":{"line":143,"column":4},"end":{"line":143,"column":null}},"33":{"start":{"line":147,"column":4},"end":{"line":150,"column":null}}},"fnMap":{"0":{"name":"(anonymous_0)","decl":{"start":{"line":8,"column":24},"end":{"line":8,"column":25}},"loc":{"start":{"line":8,"column":41},"end":{"line":10,"column":null}},"line":8},"1":{"name":"(anonymous_1)","decl":{"start":{"line":14,"column":20},"end":{"line":14,"column":50}},"loc":{"start":{"line":14,"column":50},"end":{"line":16,"column":null}},"line":14},"2":{"name":"(anonymous_2)","decl":{"start":{"line":21,"column":9},"end":{"line":21,"column":16}},"loc":{"start":{"line":21,"column":52},"end":{"line":31,"column":null}},"line":21},"3":{"name":"(anonymous_3)","decl":{"start":{"line":34,"column":12},"end":{"line":34,"column":24}},"loc":{"start":{"line":34,"column":24},"end":{"line":39,"column":null}},"line":34},"4":{"name":"(anonymous_4)","decl":{"start":{"line":41,"column":14},"end":{"line":41,"column":21}},"loc":{"start":{"line":41,"column":35},"end":{"line":54,"column":null}},"line":41},"5":{"name":"(anonymous_5)","decl":{"start":{"line":56,"column":14},"end":{"line":56,"column":21}},"loc":{"start":{"line":56,"column":47},"end":{"line":66,"column":null}},"line":56},"6":{"name":"(anonymous_6)","decl":{"start":{"line":68,"column":14},"end":{"line":68,"column":21}},"loc":{"start":{"line":68,"column":36},"end":{"line":73,"column":null}},"line":68},"7":{"name":"(anonymous_7)","decl":{"start":{"line":76,"column":14},"end":{"line":76,"column":26}},"loc":{"start":{"line":76,"column":26},"end":{"line":81,"column":null}},"line":76},"8":{"name":"(anonymous_8)","decl":{"start":{"line":83,"column":16},"end":{"line":83,"column":23}},"loc":{"start":{"line":83,"column":37},"end":{"line":93,"column":null}},"line":83},"9":{"name":"(anonymous_9)","decl":{"start":{"line":95,"column":16},"end":{"line":95,"column":23}},"loc":{"start":{"line":95,"column":49},"end":{"line":105,"column":null}},"line":95},"10":{"name":"(anonymous_10)","decl":{"start":{"line":107,"column":16},"end":{"line":107,"column":23}},"loc":{"start":{"line":107,"column":38},"end":{"line":112,"column":null}},"line":107},"11":{"name":"(anonymous_11)","decl":{"start":{"line":115,"column":17},"end":{"line":115,"column":29}},"loc":{"start":{"line":115,"column":29},"end":{"line":120,"column":null}},"line":115},"12":{"name":"(anonymous_12)","decl":{"start":{"line":122,"column":18},"end":{"line":122,"column":25}},"loc":{"start":{"line":122,"column":39},"end":{"line":132,"column":null}},"line":122},"13":{"name":"(anonymous_13)","decl":{"start":{"line":134,"column":18},"end":{"line":134,"column":25}},"loc":{"start":{"line":134,"column":51},"end":{"line":144,"column":null}},"line":134},"14":{"name":"(anonymous_14)","decl":{"start":{"line":146,"column":18},"end":{"line":146,"column":25}},"loc":{"start":{"line":146,"column":40},"end":{"line":151,"column":null}},"line":146}},"branchMap":{"0":{"loc":{"start":{"line":15,"column":9},"end":{"line":15,"column":null}},"type":"cond-expr","locations":[{"start":{"line":15,"column":17},"end":{"line":15,"column":56}},{"start":{"line":15,"column":56},"end":{"line":15,"column":null}}],"line":15},"1":{"loc":{"start":{"line":28,"column":4},"end":{"line":28,"column":null}},"type":"if","locations":[{"start":{"line":28,"column":4},"end":{"line":28,"column":null}},{"start":{},"end":{}}],"line":28},"2":{"loc":{"start":{"line":51,"column":4},"end":{"line":51,"column":null}},"type":"if","locations":[{"start":{"line":51,"column":4},"end":{"line":51,"column":null}},{"start":{},"end":{}}],"line":51}},"s":{"0":1,"1":1,"2":1,"3":0,"4":1,"5":0,"6":1,"7":0,"8":0,"9":0,"10":0,"11":0,"12":0,"13":0,"14":0,"15":0,"16":0,"17":0,"18":0,"19":0,"20":0,"21":0,"22":0,"23":0,"24":0,"25":0,"26":0,"27":0,"28":0,"29":0,"30":0,"31":0,"32":0,"33":0},"f":{"0":0,"1":0,"2":0,"3":0,"4":0,"5":0,"6":0,"7":0,"8":0,"9":0,"10":0,"11":0,"12":0,"13":0,"14":0},"b":{"0":[0,0],"1":[0,0],"2":[0,0]},"meta":{"lastBranch":3,"lastFunction":15,"lastStatement":34,"seen":{"s:3:16:3:Infinity":0,"s:6:27:6:Infinity":1,"s:8:24:10:Infinity":2,"f:8:24:8:25":0,"s:9:2:9:Infinity":3,"s:14:20:16:Infinity":4,"f:14:20:14:50":1,"s:15:2:15:Infinity":5,"b:15:17:15:56:15:56:15:Infinity":0,"s:19:19:152:Infinity":6,"f:21:9:21:16":2,"s:22:16:26:Infinity":7,"b:28:4:28:Infinity:undefined:undefined:undefined:undefined":1,"s:28:4:28:Infinity":8,"s:28:17:28:Infinity":9,"s:30:4:30:Infinity":10,"f:34:12:34:24":3,"s:35:16:37:Infinity":11,"s:38:4:38:Infinity":12,"f:41:14:41:21":4,"s:42:16:49:Infinity":13,"b:51:4:51:Infinity:undefined:undefined:undefined:undefined":2,"s:51:4:51:Infinity":14,"s:51:17:51:Infinity":15,"s:53:4:53:Infinity":16,"f:56:14:56:21":5,"s:57:16:64:Infinity":17,"s:65:4:65:Infinity":18,"f:68:14:68:21":6,"s:69:4:72:Infinity":19,"f:76:14:76:26":7,"s:77:16:79:Infinity":20,"s:80:4:80:Infinity":21,"f:83:16:83:23":8,"s:84:16:91:Infinity":22,"s:92:4:92:Infinity":23,"f:95:16:95:23":9,"s:96:16:103:Infinity":24,"s:104:4:104:Infinity":25,"f:107:16:107:23":10,"s:108:4:111:Infinity":26,"f:115:17:115:29":11,"s:116:16:118:Infinity":27,"s:119:4:119:Infinity":28,"f:122:18:122:25":12,"s:123:16:130:Infinity":29,"s:131:4:131:Infinity":30,"f:134:18:134:25":13,"s:135:16:142:Infinity":31,"s:143:4:143:Infinity":32,"f:146:18:146:25":14,"s:147:4:150:Infinity":33}}}
,"C:\\Users\\adlen\\Desktop\\hello-prisma\\frontend\\src\\pages\\Authors.tsx": {"path":"C:\\Users\\adlen\\Desktop\\hello-prisma\\frontend\\src\\pages\\Authors.tsx","statementMap":{"0":{"start":{"line":5,"column":28},"end":{"line":5,"column":null}},"1":{"start":{"line":6,"column":22},"end":{"line":6,"column":null}},"2":{"start":{"line":7,"column":32},"end":{"line":7,"column":null}},"3":{"start":{"line":8,"column":32},"end":{"line":8,"column":null}},"4":{"start":{"line":10,"column":23},"end":{"line":17,"column":null}},"5":{"start":{"line":11,"column":4},"end":{"line":16,"column":null}},"6":{"start":{"line":12,"column":19},"end":{"line":12,"column":null}},"7":{"start":{"line":13,"column":6},"end":{"line":13,"column":null}},"8":{"start":{"line":15,"column":6},"end":{"line":15,"column":null}},"9":{"start":{"line":19,"column":2},"end":{"line":21,"column":null}},"10":{"start":{"line":20,"column":4},"end":{"line":20,"column":null}},"11":{"start":{"line":23,"column":23},"end":{"line":38,"column":null}},"12":{"start":{"line":24,"column":4},"end":{"line":24,"column":null}},"13":{"start":{"line":25,"column":4},"end":{"line":37,"column":null}},"14":{"start":{"line":26,"column":6},"end":{"line":30,"column":null}},"15":{"start":{"line":31,"column":6},"end":{"line":31,"column":null}},"16":{"start":{"line":32,"column":6},"end":{"line":32,"column":null}},"17":{"start":{"line":33,"column":6},"end":{"line":33,"column":null}},"18":{"start":{"line":34,"column":6},"end":{"line":34,"column":null}},"19":{"start":{"line":36,"column":6},"end":{"line":36,"column":null}},"20":{"start":{"line":40,"column":23},"end":{"line":48,"column":null}},"21":{"start":{"line":41,"column":4},"end":{"line":41,"column":null}},"22":{"start":{"line":41,"column":43},"end":{"line":41,"column":null}},"23":{"start":{"line":42,"column":4},"end":{"line":47,"column":null}},"24":{"start":{"line":43,"column":6},"end":{"line":43,"column":null}},"25":{"start":{"line":44,"column":6},"end":{"line":44,"column":null}},"26":{"start":{"line":46,"column":6},"end":{"line":46,"column":null}},"27":{"start":{"line":50,"column":2},"end":{"line":97,"column":null}},"28":{"start":{"line":60,"column":29},"end":{"line":60,"column":null}},"29":{"start":{"line":67,"column":29},"end":{"line":67,"column":null}},"30":{"start":{"line":73,"column":29},"end":{"line":73,"column":null}},"31":{"start":{"line":83,"column":10},"end":{"line":94,"column":null}},"32":{"start":{"line":89,"column":29},"end":{"line":89,"column":null}}},"fnMap":{"0":{"name":"Authors","decl":{"start":{"line":4,"column":24},"end":{"line":4,"column":34}},"loc":{"start":{"line":4,"column":34},"end":{"line":99,"column":null}},"line":4},"1":{"name":"(anonymous_1)","decl":{"start":{"line":10,"column":23},"end":{"line":10,"column":35}},"loc":{"start":{"line":10,"column":35},"end":{"line":17,"column":null}},"line":10},"2":{"name":"(anonymous_2)","decl":{"start":{"line":19,"column":12},"end":{"line":19,"column":18}},"loc":{"start":{"line":19,"column":18},"end":{"line":21,"column":5}},"line":19},"3":{"name":"(anonymous_3)","decl":{"start":{"line":23,"column":23},"end":{"line":23,"column":30}},"loc":{"start":{"line":23,"column":53},"end":{"line":38,"column":null}},"line":23},"4":{"name":"(anonymous_4)","decl":{"start":{"line":40,"column":23},"end":{"line":40,"column":30}},"loc":{"start":{"line":40,"column":45},"end":{"line":48,"column":null}},"line":40},"5":{"name":"(anonymous_5)","decl":{"start":{"line":60,"column":22},"end":{"line":60,"column":23}},"loc":{"start":{"line":60,"column":29},"end":{"line":60,"column":null}},"line":60},"6":{"name":"(anonymous_6)","decl":{"start":{"line":67,"column":22},"end":{"line":67,"column":23}},"loc":{"start":{"line":67,"column":29},"end":{"line":67,"column":null}},"line":67},"7":{"name":"(anonymous_7)","decl":{"start":{"line":73,"column":22},"end":{"line":73,"column":23}},"loc":{"start":{"line":73,"column":29},"end":{"line":73,"column":null}},"line":73},"8":{"name":"(anonymous_8)","decl":{"start":{"line":82,"column":21},"end":{"line":82,"column":22}},"loc":{"start":{"line":83,"column":10},"end":{"line":94,"column":null}},"line":83},"9":{"name":"(anonymous_9)","decl":{"start":{"line":89,"column":23},"end":{"line":89,"column":29}},"loc":{"start":{"line":89,"column":29},"end":{"line":89,"column":null}},"line":89}},"branchMap":{"0":{"loc":{"start":{"line":29,"column":19},"end":{"line":29,"column":null}},"type":"cond-expr","locations":[{"start":{"line":29,"column":31},"end":{"line":29,"column":53}},{"start":{"line":29,"column":53},"end":{"line":29,"column":null}}],"line":29},"1":{"loc":{"start":{"line":41,"column":4},"end":{"line":41,"column":null}},"type":"if","locations":[{"start":{"line":41,"column":4},"end":{"line":41,"column":null}},{"start":{},"end":{}}],"line":41}},"s":{"0":0,"1":0,"2":0,"3":0,"4":0,"5":0,"6":0,"7":0,"8":0,"9":0,"10":0,"11":0,"12":0,"13":0,"14":0,"15":0,"16":0,"17":0,"18":0,"19":0,"20":0,"21":0,"22":0,"23":0,"24":0,"25":0,"26":0,"27":0,"28":0,"29":0,"30":0,"31":0,"32":0},"f":{"0":0,"1":0,"2":0,"3":0,"4":0,"5":0,"6":0,"7":0,"8":0,"9":0},"b":{"0":[0,0],"1":[0,0]},"meta":{"lastBranch":2,"lastFunction":10,"lastStatement":33,"seen":{"f:4:24:4:34":0,"s:5:28:5:Infinity":0,"s:6:22:6:Infinity":1,"s:7:32:7:Infinity":2,"s:8:32:8:Infinity":3,"s:10:23:17:Infinity":4,"f:10:23:10:35":1,"s:11:4:16:Infinity":5,"s:12:19:12:Infinity":6,"s:13:6:13:Infinity":7,"s:15:6:15:Infinity":8,"s:19:2:21:Infinity":9,"f:19:12:19:18":2,"s:20:4:20:Infinity":10,"s:23:23:38:Infinity":11,"f:23:23:23:30":3,"s:24:4:24:Infinity":12,"s:25:4:37:Infinity":13,"s:26:6:30:Infinity":14,"b:29:31:29:53:29:53:29:Infinity":0,"s:31:6:31:Infinity":15,"s:32:6:32:Infinity":16,"s:33:6:33:Infinity":17,"s:34:6:34:Infinity":18,"s:36:6:36:Infinity":19,"s:40:23:48:Infinity":20,"f:40:23:40:30":4,"b:41:4:41:Infinity:undefined:undefined:undefined:undefined":1,"s:41:4:41:Infinity":21,"s:41:43:41:Infinity":22,"s:42:4:47:Infinity":23,"s:43:6:43:Infinity":24,"s:44:6:44:Infinity":25,"s:46:6:46:Infinity":26,"s:50:2:97:Infinity":27,"f:60:22:60:23":5,"s:60:29:60:Infinity":28,"f:67:22:67:23":6,"s:67:29:67:Infinity":29,"f:73:22:73:23":7,"s:73:29:73:Infinity":30,"f:82:21:82:22":8,"s:83:10:94:Infinity":31,"f:89:23:89:29":9,"s:89:29:89:Infinity":32}}}
,"C:\\Users\\adlen\\Desktop\\hello-prisma\\frontend\\src\\pages\\Books.tsx": {"path":"C:\\Users\\adlen\\Desktop\\hello-prisma\\frontend\\src\\pages\\Books.tsx","statementMap":{"0":{"start":{"line":5,"column":24},"end":{"line":5,"column":null}},"1":{"start":{"line":6,"column":28},"end":{"line":6,"column":null}},"2":{"start":{"line":7,"column":34},"end":{"line":7,"column":null}},"3":{"start":{"line":9,"column":24},"end":{"line":9,"column":null}},"4":{"start":{"line":10,"column":36},"end":{"line":10,"column":null}},"5":{"start":{"line":11,"column":30},"end":{"line":11,"column":null}},"6":{"start":{"line":12,"column":34},"end":{"line":12,"column":null}},"7":{"start":{"line":14,"column":20},"end":{"line":23,"column":null}},"8":{"start":{"line":15,"column":34},"end":{"line":19,"column":null}},"9":{"start":{"line":20,"column":4},"end":{"line":20,"column":null}},"10":{"start":{"line":21,"column":4},"end":{"line":21,"column":null}},"11":{"start":{"line":22,"column":4},"end":{"line":22,"column":null}},"12":{"start":{"line":25,"column":2},"end":{"line":27,"column":null}},"13":{"start":{"line":26,"column":4},"end":{"line":26,"column":null}},"14":{"start":{"line":29,"column":23},"end":{"line":52,"column":null}},"15":{"start":{"line":30,"column":4},"end":{"line":30,"column":null}},"16":{"start":{"line":31,"column":4},"end":{"line":34,"column":null}},"17":{"start":{"line":32,"column":6},"end":{"line":32,"column":null}},"18":{"start":{"line":33,"column":6},"end":{"line":33,"column":null}},"19":{"start":{"line":36,"column":4},"end":{"line":51,"column":null}},"20":{"start":{"line":37,"column":6},"end":{"line":44,"column":null}},"21":{"start":{"line":45,"column":6},"end":{"line":45,"column":null}},"22":{"start":{"line":46,"column":6},"end":{"line":46,"column":null}},"23":{"start":{"line":47,"column":6},"end":{"line":47,"column":null}},"24":{"start":{"line":49,"column":6},"end":{"line":49,"column":null}},"25":{"start":{"line":50,"column":6},"end":{"line":50,"column":null}},"26":{"start":{"line":54,"column":2},"end":{"line":121,"column":null}},"27":{"start":{"line":61,"column":27},"end":{"line":61,"column":null}},"28":{"start":{"line":68,"column":27},"end":{"line":68,"column":null}},"29":{"start":{"line":77,"column":27},"end":{"line":77,"column":null}},"30":{"start":{"line":81,"column":30},"end":{"line":81,"column":79}},"31":{"start":{"line":87,"column":27},"end":{"line":87,"column":null}},"32":{"start":{"line":91,"column":33},"end":{"line":91,"column":82}},"33":{"start":{"line":102,"column":10},"end":{"line":118,"column":null}},"34":{"start":{"line":111,"column":16},"end":{"line":111,"column":null}},"35":{"start":{"line":112,"column":16},"end":{"line":112,"column":null}}},"fnMap":{"0":{"name":"Books","decl":{"start":{"line":4,"column":24},"end":{"line":4,"column":32}},"loc":{"start":{"line":4,"column":32},"end":{"line":123,"column":null}},"line":4},"1":{"name":"(anonymous_1)","decl":{"start":{"line":14,"column":20},"end":{"line":14,"column":32}},"loc":{"start":{"line":14,"column":32},"end":{"line":23,"column":null}},"line":14},"2":{"name":"(anonymous_2)","decl":{"start":{"line":25,"column":12},"end":{"line":25,"column":18}},"loc":{"start":{"line":25,"column":18},"end":{"line":27,"column":5}},"line":25},"3":{"name":"(anonymous_3)","decl":{"start":{"line":29,"column":23},"end":{"line":29,"column":30}},"loc":{"start":{"line":29,"column":53},"end":{"line":52,"column":null}},"line":29},"4":{"name":"(anonymous_4)","decl":{"start":{"line":61,"column":20},"end":{"line":61,"column":21}},"loc":{"start":{"line":61,"column":27},"end":{"line":61,"column":null}},"line":61},"5":{"name":"(anonymous_5)","decl":{"start":{"line":68,"column":20},"end":{"line":68,"column":21}},"loc":{"start":{"line":68,"column":27},"end":{"line":68,"column":null}},"line":68},"6":{"name":"(anonymous_6)","decl":{"start":{"line":77,"column":22},"end":{"line":77,"column":27}},"loc":{"start":{"line":77,"column":27},"end":{"line":77,"column":null}},"line":77},"7":{"name":"(anonymous_7)","decl":{"start":{"line":81,"column":25},"end":{"line":81,"column":30}},"loc":{"start":{"line":81,"column":30},"end":{"line":81,"column":79}},"line":81},"8":{"name":"(anonymous_8)","decl":{"start":{"line":87,"column":22},"end":{"line":87,"column":27}},"loc":{"start":{"line":87,"column":27},"end":{"line":87,"column":null}},"line":87},"9":{"name":"(anonymous_9)","decl":{"start":{"line":91,"column":28},"end":{"line":91,"column":33}},"loc":{"start":{"line":91,"column":33},"end":{"line":91,"column":82}},"line":91},"10":{"name":"(anonymous_10)","decl":{"start":{"line":101,"column":19},"end":{"line":101,"column":20}},"loc":{"start":{"line":102,"column":10},"end":{"line":118,"column":null}},"line":102},"11":{"name":"(anonymous_11)","decl":{"start":{"line":110,"column":23},"end":{"line":110,"column":35}},"loc":{"start":{"line":110,"column":35},"end":{"line":113,"column":null}},"line":110}},"branchMap":{"0":{"loc":{"start":{"line":31,"column":4},"end":{"line":34,"column":null}},"type":"if","locations":[{"start":{"line":31,"column":4},"end":{"line":34,"column":null}},{"start":{},"end":{}}],"line":31},"1":{"loc":{"start":{"line":31,"column":8},"end":{"line":31,"column":34}},"type":"binary-expr","locations":[{"start":{"line":31,"column":8},"end":{"line":31,"column":21}},{"start":{"line":31,"column":21},"end":{"line":31,"column":34}}],"line":31}},"s":{"0":0,"1":0,"2":0,"3":0,"4":0,"5":0,"6":0,"7":0,"8":0,"9":0,"10":0,"11":0,"12":0,"13":0,"14":0,"15":0,"16":0,"17":0,"18":0,"19":0,"20":0,"21":0,"22":0,"23":0,"24":0,"25":0,"26":0,"27":0,"28":0,"29":0,"30":0,"31":0,"32":0,"33":0,"34":0,"35":0},"f":{"0":0,"1":0,"2":0,"3":0,"4":0,"5":0,"6":0,"7":0,"8":0,"9":0,"10":0,"11":0},"b":{"0":[0,0],"1":[0,0]},"meta":{"lastBranch":2,"lastFunction":12,"lastStatement":36,"seen":{"f:4:24:4:32":0,"s:5:24:5:Infinity":0,"s:6:28:6:Infinity":1,"s:7:34:7:Infinity":2,"s:9:24:9:Infinity":3,"s:10:36:10:Infinity":4,"s:11:30:11:Infinity":5,"s:12:34:12:Infinity":6,"s:14:20:23:Infinity":7,"f:14:20:14:32":1,"s:15:34:19:Infinity":8,"s:20:4:20:Infinity":9,"s:21:4:21:Infinity":10,"s:22:4:22:Infinity":11,"s:25:2:27:Infinity":12,"f:25:12:25:18":2,"s:26:4:26:Infinity":13,"s:29:23:52:Infinity":14,"f:29:23:29:30":3,"s:30:4:30:Infinity":15,"b:31:4:34:Infinity:undefined:undefined:undefined:undefined":0,"s:31:4:34:Infinity":16,"b:31:8:31:21:31:21:31:34":1,"s:32:6:32:Infinity":17,"s:33:6:33:Infinity":18,"s:36:4:51:Infinity":19,"s:37:6:44:Infinity":20,"s:45:6:45:Infinity":21,"s:46:6:46:Infinity":22,"s:47:6:47:Infinity":23,"s:49:6:49:Infinity":24,"s:50:6:50:Infinity":25,"s:54:2:121:Infinity":26,"f:61:20:61:21":4,"s:61:27:61:Infinity":27,"f:68:20:68:21":5,"s:68:27:68:Infinity":28,"f:77:22:77:27":6,"s:77:27:77:Infinity":29,"f:81:25:81:30":7,"s:81:30:81:79":30,"f:87:22:87:27":8,"s:87:27:87:Infinity":31,"f:91:28:91:33":9,"s:91:33:91:82":32,"f:101:19:101:20":10,"s:102:10:118:Infinity":33,"f:110:23:110:35":11,"s:111:16:111:Infinity":34,"s:112:16:112:Infinity":35}}}
,"C:\\Users\\adlen\\Desktop\\hello-prisma\\frontend\\src\\pages\\Categories.tsx": {"path":"C:\\Users\\adlen\\Desktop\\hello-prisma\\frontend\\src\\pages\\Categories.tsx","statementMap":{"0":{"start":{"line":5,"column":34},"end":{"line":5,"column":null}},"1":{"start":{"line":6,"column":22},"end":{"line":6,"column":null}},"2":{"start":{"line":8,"column":26},"end":{"line":15,"column":null}},"3":{"start":{"line":9,"column":4},"end":{"line":14,"column":null}},"4":{"start":{"line":10,"column":19},"end":{"line":10,"column":null}},"5":{"start":{"line":11,"column":6},"end":{"line":11,"column":null}},"6":{"start":{"line":13,"column":6},"end":{"line":13,"column":null}},"7":{"start":{"line":17,"column":2},"end":{"line":19,"column":null}},"8":{"start":{"line":18,"column":4},"end":{"line":18,"column":null}},"9":{"start":{"line":21,"column":23},"end":{"line":30,"column":null}},"10":{"start":{"line":22,"column":4},"end":{"line":22,"column":null}},"11":{"start":{"line":23,"column":4},"end":{"line":29,"column":null}},"12":{"start":{"line":24,"column":6},"end":{"line":24,"column":null}},"13":{"start":{"line":25,"column":6},"end":{"line":25,"column":null}},"14":{"start":{"line":26,"column":6},"end":{"line":26,"column":null}},"15":{"start":{"line":28,"column":6},"end":{"line":28,"column":null}},"16":{"start":{"line":32,"column":23},"end":{"line":40,"column":null}},"17":{"start":{"line":33,"column":4},"end":{"line":33,"column":null}},"18":{"start":{"line":33,"column":48},"end":{"line":33,"column":null}},"19":{"start":{"line":34,"column":4},"end":{"line":39,"column":null}},"20":{"start":{"line":35,"column":6},"end":{"line":35,"column":null}},"21":{"start":{"line":36,"column":6},"end":{"line":36,"column":null}},"22":{"start":{"line":38,"column":6},"end":{"line":38,"column":null}},"23":{"start":{"line":42,"column":2},"end":{"line":75,"column":null}},"24":{"start":{"line":51,"column":27},"end":{"line":51,"column":null}},"25":{"start":{"line":61,"column":10},"end":{"line":72,"column":null}},"26":{"start":{"line":67,"column":29},"end":{"line":67,"column":null}}},"fnMap":{"0":{"name":"Categories","decl":{"start":{"line":4,"column":24},"end":{"line":4,"column":37}},"loc":{"start":{"line":4,"column":37},"end":{"line":77,"column":null}},"line":4},"1":{"name":"(anonymous_1)","decl":{"start":{"line":8,"column":26},"end":{"line":8,"column":38}},"loc":{"start":{"line":8,"column":38},"end":{"line":15,"column":null}},"line":8},"2":{"name":"(anonymous_2)","decl":{"start":{"line":17,"column":12},"end":{"line":17,"column":18}},"loc":{"start":{"line":17,"column":18},"end":{"line":19,"column":5}},"line":17},"3":{"name":"(anonymous_3)","decl":{"start":{"line":21,"column":23},"end":{"line":21,"column":30}},"loc":{"start":{"line":21,"column":53},"end":{"line":30,"column":null}},"line":21},"4":{"name":"(anonymous_4)","decl":{"start":{"line":32,"column":23},"end":{"line":32,"column":30}},"loc":{"start":{"line":32,"column":45},"end":{"line":40,"column":null}},"line":32},"5":{"name":"(anonymous_5)","decl":{"start":{"line":51,"column":20},"end":{"line":51,"column":21}},"loc":{"start":{"line":51,"column":27},"end":{"line":51,"column":null}},"line":51},"6":{"name":"(anonymous_6)","decl":{"start":{"line":60,"column":24},"end":{"line":60,"column":25}},"loc":{"start":{"line":61,"column":10},"end":{"line":72,"column":null}},"line":61},"7":{"name":"(anonymous_7)","decl":{"start":{"line":67,"column":23},"end":{"line":67,"column":29}},"loc":{"start":{"line":67,"column":29},"end":{"line":67,"column":null}},"line":67}},"branchMap":{"0":{"loc":{"start":{"line":33,"column":4},"end":{"line":33,"column":null}},"type":"if","locations":[{"start":{"line":33,"column":4},"end":{"line":33,"column":null}},{"start":{},"end":{}}],"line":33}},"s":{"0":0,"1":0,"2":0,"3":0,"4":0,"5":0,"6":0,"7":0,"8":0,"9":0,"10":0,"11":0,"12":0,"13":0,"14":0,"15":0,"16":0,"17":0,"18":0,"19":0,"20":0,"21":0,"22":0,"23":0,"24":0,"25":0,"26":0},"f":{"0":0,"1":0,"2":0,"3":0,"4":0,"5":0,"6":0,"7":0},"b":{"0":[0,0]},"meta":{"lastBranch":1,"lastFunction":8,"lastStatement":27,"seen":{"f:4:24:4:37":0,"s:5:34:5:Infinity":0,"s:6:22:6:Infinity":1,"s:8:26:15:Infinity":2,"f:8:26:8:38":1,"s:9:4:14:Infinity":3,"s:10:19:10:Infinity":4,"s:11:6:11:Infinity":5,"s:13:6:13:Infinity":6,"s:17:2:19:Infinity":7,"f:17:12:17:18":2,"s:18:4:18:Infinity":8,"s:21:23:30:Infinity":9,"f:21:23:21:30":3,"s:22:4:22:Infinity":10,"s:23:4:29:Infinity":11,"s:24:6:24:Infinity":12,"s:25:6:25:Infinity":13,"s:26:6:26:Infinity":14,"s:28:6:28:Infinity":15,"s:32:23:40:Infinity":16,"f:32:23:32:30":4,"b:33:4:33:Infinity:undefined:undefined:undefined:undefined":0,"s:33:4:33:Infinity":17,"s:33:48:33:Infinity":18,"s:34:4:39:Infinity":19,"s:35:6:35:Infinity":20,"s:36:6:36:Infinity":21,"s:38:6:38:Infinity":22,"s:42:2:75:Infinity":23,"f:51:20:51:21":5,"s:51:27:51:Infinity":24,"f:60:24:60:25":6,"s:61:10:72:Infinity":25,"f:67:23:67:29":7,"s:67:29:67:Infinity":26}}}
,"C:\\Users\\adlen\\Desktop\\hello-prisma\\frontend\\src\\pages\\Login.tsx": {"path":"C:\\Users\\adlen\\Desktop\\hello-prisma\\frontend\\src\\pages\\Login.tsx","statementMap":{"0":{"start":{"line":5,"column":24},"end":{"line":5,"column":null}},"1":{"start":{"line":6,"column":30},"end":{"line":6,"column":null}},"2":{"start":{"line":8,"column":23},"end":{"line":22,"column":null}},"3":{"start":{"line":9,"column":4},"end":{"line":9,"column":null}},"4":{"start":{"line":10,"column":4},"end":{"line":21,"column":null}},"5":{"start":{"line":11,"column":19},"end":{"line":11,"column":null}},"6":{"start":{"line":12,"column":6},"end":{"line":17,"column":null}},"7":{"start":{"line":13,"column":8},"end":{"line":13,"column":null}},"8":{"start":{"line":14,"column":8},"end":{"line":14,"column":null}},"9":{"start":{"line":16,"column":8},"end":{"line":16,"column":null}},"10":{"start":{"line":19,"column":6},"end":{"line":19,"column":null}},"11":{"start":{"line":20,"column":6},"end":{"line":20,"column":null}},"12":{"start":{"line":24,"column":2},"end":{"line":45,"column":null}},"13":{"start":{"line":32,"column":27},"end":{"line":32,"column":null}},"14":{"start":{"line":39,"column":27},"end":{"line":39,"column":null}}},"fnMap":{"0":{"name":"Login","decl":{"start":{"line":4,"column":24},"end":{"line":4,"column":30}},"loc":{"start":{"line":4,"column":81},"end":{"line":47,"column":null}},"line":4},"1":{"name":"(anonymous_1)","decl":{"start":{"line":8,"column":23},"end":{"line":8,"column":30}},"loc":{"start":{"line":8,"column":53},"end":{"line":22,"column":null}},"line":8},"2":{"name":"(anonymous_2)","decl":{"start":{"line":32,"column":20},"end":{"line":32,"column":21}},"loc":{"start":{"line":32,"column":27},"end":{"line":32,"column":null}},"line":32},"3":{"name":"(anonymous_3)","decl":{"start":{"line":39,"column":20},"end":{"line":39,"column":21}},"loc":{"start":{"line":39,"column":27},"end":{"line":39,"column":null}},"line":39}},"branchMap":{"0":{"loc":{"start":{"line":12,"column":6},"end":{"line":17,"column":null}},"type":"if","locations":[{"start":{"line":12,"column":6},"end":{"line":17,"column":null}},{"start":{"line":15,"column":13},"end":{"line":17,"column":null}}],"line":12}},"s":{"0":1,"1":1,"2":1,"3":0,"4":0,"5":0,"6":0,"7":0,"8":0,"9":0,"10":0,"11":0,"12":1,"13":0,"14":0},"f":{"0":1,"1":0,"2":0,"3":0},"b":{"0":[0,0]},"meta":{"lastBranch":1,"lastFunction":4,"lastStatement":15,"seen":{"f:4:24:4:30":0,"s:5:24:5:Infinity":0,"s:6:30:6:Infinity":1,"s:8:23:22:Infinity":2,"f:8:23:8:30":1,"s:9:4:9:Infinity":3,"s:10:4:21:Infinity":4,"s:11:19:11:Infinity":5,"b:12:6:17:Infinity:15:13:17:Infinity":0,"s:12:6:17:Infinity":6,"s:13:8:13:Infinity":7,"s:14:8:14:Infinity":8,"s:16:8:16:Infinity":9,"s:19:6:19:Infinity":10,"s:20:6:20:Infinity":11,"s:24:2:45:Infinity":12,"f:32:20:32:21":2,"s:32:27:32:Infinity":13,"f:39:20:39:21":3,"s:39:27:39:Infinity":14}}}
}
